      5    45967.36   210057.09   210057.09  1000000.00   233182.01   233182.01  1000000.00   257167.55   257167.55  1000000.00
     10    45967.36   449016.03   449016.03  1000000.00   519025.11   519025.11  1000000.00   593477.43   593477.43  1000000.00
     20        0.00   469942.22   469942.22  1000000.00   727988.95   727988.95  1000000.00  1000000.24  1000000.24  1220000.29
     25        0.00   426739.54   426739.54  1000000.00   869774.79   869774.79  1008938.76  1298850.97  1298850.97  1506667.13
      1          46    45967.36    40006.76    40006.76  1000000.00    46123.50    46123.50  1000000.00
      2          47    45967.36    80965.89    80965.89  1000000.00    94749.77    94749.77  1000000.00
      3          48    45967.36   122930.87   122930.87  1000000.00   146029.11   146029.11  1000000.00
      4          49    45967.36   165945.87   165945.87  1000000.00   200112.92   200112.92  1000000.00
      5          50    45967.36   210057.09   210057.09  1000000.00   257167.55   257167.55  1000000.00
      6          51    45967.36   255322.83   255322.83  1000000.00   317363.33   317363.33  1000000.00
      7          52    45967.36   301786.00   301786.00  1000000.00   380887.53   380887.53  1000000.00
      8          53    45967.36   349501.76   349501.76  1000000.00   447935.53   447935.53  1000000.00
      9          54    45967.36   398540.80   398540.80  1000000.00   518722.19   518722.19  1000000.00
     10          55    45967.36   449016.03   449016.03  1000000.00   593477.43   593477.43  1000000.00
     11          56        0.00   454227.08   454227.08  1000000.00   625049.39   625049.39  1000000.00
     12          57        0.00   458957.40   458957.40  1000000.00   658358.57   658358.57  1000000.00
     13          58        0.00   463169.50   463169.50  1000000.00   693514.34   693514.34  1000000.00
     14          59        0.00   466811.72   466811.72  1000000.00   730633.34   730633.34  1008274.01
     15          60        0.00   469817.32   469817.32  1000000.00   769819.08   769819.08  1031557.57
     16          61        0.00   472065.33   472065.33  1000000.00   811171.04   811171.04  1054522.35
     17          62        0.00   473404.29   473404.29  1000000.00   854736.26   854736.26  1094062.41
     18          63        0.00   473632.59   473632.59  1000000.00   900639.63   900639.63  1134805.93
     19          64        0.00   472546.63   472546.63  1000000.00   949013.84   949013.84  1176777.16
     20          65        0.00   469942.22   469942.22  1000000.00  1000000.24  1000000.24  1220000.29
     21          66        0.00   465616.27   465616.27  1000000.00  1053748.99  1053748.99  1264498.79
     22          67        0.00   459380.01   459380.01  1000000.00  1110352.64  1110352.64  1321319.64
     23          68        0.00   451018.64   451018.64  1000000.00  1169962.82  1169962.82  1380556.13
     24          69        0.00   440268.94   440268.94  1000000.00  1232739.93  1232739.93  1442305.72
     25          70        0.00   426739.54   426739.54  1000000.00  1298850.97  1298850.97  1506667.13
     26          71        0.00   409891.43   409891.43  1000000.00  1368470.59  1368470.59  1573741.18
     27          72        0.00   388991.03   388991.03  1000000.00  1441918.91  1441918.91  1629368.37
     28          73        0.00   363110.60   363110.60  1000000.00  1519441.23  1519441.23  1686579.77
     29          74        0.00   331131.78   331131.78  1000000.00  1601311.14  1601311.14  1745429.14
     30          75        0.00   291685.54   291685.54  1000000.00  1687837.43  1687837.43  1805986.05
     31          76        0.00   243181.65   243181.65  1000000.00  1779374.39  1779374.39  1868343.11
     32          77        0.00   183817.56   183817.56  1000000.00  1875719.84  1875719.84  1969505.83
     33          78        0.00   111437.38   111437.38  1000000.00  1977093.12  1977093.12  2075947.78
     34          79        0.00    23268.57    23268.57  1000000.00  2083718.22  2083718.22  2187904.13
     35          80        0.00        0.00        0.00        0.00  2195826.17  2195826.17  2305617.48
     36          81        0.00        0.00        0.00        0.00  2313653.06  2313653.06  2429335.71
     37          82        0.00        0.00        0.00        0.00  2437441.68  2437441.68  2559313.76
     38          83        0.00        0.00        0.00        0.00  2567439.08  2567439.08  2695811.03
     39          84        0.00        0.00        0.00        0.00  2703898.48  2703898.48  2839093.40
     40          85        0.00        0.00        0.00        0.00  2847076.56  2847076.56  2989430.39
     41          86        0.00        0.00        0.00        0.00  2997235.33  2997235.33  3147097.10
     42          87        0.00        0.00        0.00        0.00  3154639.13  3154639.13  3312371.09
     43          88        0.00        0.00        0.00        0.00  3319556.71  3319556.71  3485534.55
     44          89        0.00        0.00        0.00        0.00  3492257.50  3492257.50  3666870.37
     45          90        0.00        0.00        0.00        0.00  3673014.18  3673014.18  3856664.89
     46          91        0.00        0.00        0.00        0.00  3862098.48  3862098.48  4055203.40
     47          92        0.00        0.00        0.00        0.00  4062865.50  4062865.50  4225380.12
     48          93        0.00        0.00        0.00        0.00  4276590.63  4276590.63  4404888.35
     49          94        0.00        0.00        0.00        0.00  4504748.27  4504748.27  4594843.24
     50          95        0.00        0.00        0.00        0.00  4749041.12  4749041.12  4796531.53
     51          96        0.00        0.00        0.00        0.00  5011439.07  5011439.07  5011439.07
     52          97        0.00        0.00        0.00        0.00  5288433.36  5288433.36  5288433.36
     53          98        0.00        0.00        0.00        0.00  5580844.87  5580844.87  5580844.87
     54          99        0.00        0.00        0.00        0.00  5889541.48  5889541.48  5889541.48
     55         100        0.00        0.00        0.00        0.00  6215440.49  6215440.49  6215440.49
